TN:
SF:server.js
FN:19,(anonymous_0)
FN:28,(anonymous_1)
FN:34,(anonymous_2)
FN:68,startServer
FN:83,(anonymous_4)
FN:97,(anonymous_5)
FNF:6
FNH:2
FNDA:137,(anonymous_0)
FNDA:0,(anonymous_1)
FNDA:137,(anonymous_2)
FNDA:0,startServer
FNDA:0,(anonymous_4)
FNDA:0,(anonymous_5)
DA:2,4
DA:3,4
DA:4,4
DA:5,4
DA:6,4
DA:7,4
DA:8,4
DA:10,4
DA:11,4
DA:14,4
DA:15,4
DA:16,4
DA:19,4
DA:21,137
DA:22,137
DA:23,137
DA:24,137
DA:28,4
DA:29,0
DA:30,0
DA:34,4
DA:35,137
DA:36,137
DA:40,4
DA:43,4
DA:44,4
DA:47,4
DA:48,4
DA:51,4
DA:52,4
DA:55,4
DA:56,4
DA:57,4
DA:58,4
DA:59,4
DA:61,0
DA:65,4
DA:69,0
DA:71,0
DA:74,0
DA:76,0
DA:78,0
DA:83,4
DA:84,0
DA:85,0
DA:86,0
DA:88,0
DA:96,4
DA:97,0
DA:98,0
DA:99,0
DA:102,0
DA:107,4
LF:53
LH:37
BRDA:11,0,0,4
BRDA:11,0,1,4
BRDA:57,1,0,4
BRDA:57,1,1,0
BRDA:85,2,0,0
BRDA:85,2,1,0
BRDA:96,3,0,0
BRDA:96,3,1,4
BRF:8
BRH:4
end_of_record
TN:
SF:middleware/auth.js
FN:8,(anonymous_0)
FN:13,(anonymous_1)
FNF:2
FNH:2
FNDA:7,(anonymous_0)
FNDA:8,(anonymous_1)
DA:1,5
DA:2,5
DA:5,5
DA:8,5
DA:9,7
DA:13,5
DA:14,8
DA:15,8
DA:16,8
DA:18,8
DA:19,3
DA:22,5
DA:23,4
DA:25,4
DA:26,1
DA:29,3
DA:30,3
DA:32,1
DA:36,5
LF:19
LH:19
BRDA:5,0,0,5
BRDA:5,0,1,3
BRDA:16,1,0,8
BRDA:16,1,1,5
BRDA:18,2,0,3
BRDA:18,2,1,5
BRDA:25,3,0,1
BRDA:25,3,1,3
BRF:8
BRH:8
end_of_record
TN:
SF:models/User.js
FN:52,(anonymous_0)
FN:59,(anonymous_1)
FN:67,(anonymous_2)
FN:72,(anonymous_3)
FNF:4
FNH:4
FNDA:8,(anonymous_0)
FNDA:2,(anonymous_1)
FNDA:6,(anonymous_2)
FNDA:10,(anonymous_3)
DA:1,6
DA:2,6
DA:3,6
DA:5,6
DA:52,6
DA:53,8
DA:54,8
DA:55,8
DA:59,6
DA:60,2
DA:61,1
DA:62,1
DA:67,6
DA:68,6
DA:72,6
DA:73,10
DA:74,10
DA:75,10
DA:78,6
LF:19
LH:19
BRDA:53,0,0,8
BRDA:53,0,1,0
BRDA:60,1,0,1
BRDA:60,1,1,1
BRF:4
BRH:3
end_of_record
TN:
SF:models/database.js
FN:12,testConnection
FNF:1
FNH:0
FNDA:0,testConnection
DA:1,6
DA:2,6
DA:5,6
DA:13,0
DA:14,0
DA:15,0
DA:17,0
DA:21,6
LF:8
LH:4
BRF:0
BRH:0
end_of_record
TN:
SF:models/index.js
FN:5,(anonymous_0)
FNF:1
FNH:0
FNDA:0,(anonymous_0)
DA:1,6
DA:2,6
DA:5,6
DA:6,0
DA:8,0
DA:9,0
DA:11,0
DA:15,6
LF:8
LH:4
BRF:0
BRH:0
end_of_record
TN:
SF:routes/auth.js
FN:8,(anonymous_0)
FN:62,(anonymous_1)
FN:111,(anonymous_2)
FN:127,(anonymous_3)
FN:150,(anonymous_4)
FNF:5
FNH:4
FNDA:6,(anonymous_0)
FNDA:3,(anonymous_1)
FNDA:1,(anonymous_2)
FNDA:1,(anonymous_3)
FNDA:0,(anonymous_4)
DA:1,4
DA:2,4
DA:3,4
DA:4,4
DA:5,4
DA:8,4
DA:9,6
DA:10,6
DA:11,6
DA:14,6
DA:15,0
DA:21,6
DA:29,6
DA:30,1
DA:36,5
DA:45,5
DA:47,5
DA:53,0
DA:54,0
DA:62,4
DA:63,3
DA:64,3
DA:65,3
DA:68,3
DA:69,0
DA:75,3
DA:79,3
DA:80,0
DA:86,3
DA:87,3
DA:88,1
DA:94,2
DA:96,2
DA:102,0
DA:103,0
DA:111,4
DA:112,1
DA:113,1
DA:118,0
DA:119,0
DA:127,4
DA:128,1
DA:129,1
DA:131,1
DA:136,1
DA:141,0
DA:142,0
DA:150,4
DA:151,0
DA:154,4
LF:50
LH:38
BRDA:11,0,0,6
BRDA:11,0,1,0
BRDA:11,1,0,0
BRDA:11,1,1,0
BRDA:14,2,0,0
BRDA:14,2,1,6
BRDA:14,3,0,6
BRDA:14,3,1,6
BRDA:14,3,2,6
BRDA:29,4,0,1
BRDA:29,4,1,5
BRDA:65,5,0,3
BRDA:65,5,1,3
BRDA:68,6,0,0
BRDA:68,6,1,3
BRDA:68,7,0,3
BRDA:68,7,1,3
BRDA:76,8,0,0
BRDA:76,8,1,3
BRDA:79,9,0,0
BRDA:79,9,1,3
BRDA:87,10,0,1
BRDA:87,10,1,2
BRF:23
BRH:16
end_of_record
TN:
SF:routes/predictions.js
FN:9,(anonymous_0)
FN:29,(anonymous_1)
FN:59,(anonymous_2)
FN:87,(anonymous_3)
FNF:4
FNH:2
FNDA:1,(anonymous_0)
FNDA:2,(anonymous_1)
FNDA:0,(anonymous_2)
FNDA:0,(anonymous_3)
DA:1,4
DA:2,4
DA:3,4
DA:9,4
DA:10,1
DA:11,1
DA:17,0
DA:18,0
DA:29,4
DA:30,2
DA:31,2
DA:32,2
DA:34,2
DA:35,1
DA:41,1
DA:47,0
DA:48,0
DA:59,4
DA:60,0
DA:61,0
DA:63,0
DA:66,0
DA:68,0
DA:74,0
DA:75,0
DA:87,4
DA:88,0
DA:89,0
DA:90,0
DA:92,0
DA:94,0
DA:97,0
DA:99,0
DA:100,0
DA:107,0
DA:110,0
DA:111,0
DA:114,0
DA:116,0
DA:117,0
DA:124,0
DA:127,0
DA:141,0
DA:142,0
DA:150,4
LF:45
LH:16
BRDA:34,0,0,1
BRDA:34,0,1,1
BRDA:92,1,0,0
BRDA:92,1,1,0
BRDA:99,2,0,0
BRDA:99,2,1,0
BRDA:99,3,0,0
BRDA:99,3,1,0
BRDA:116,4,0,0
BRDA:116,4,1,0
BRDA:145,5,0,0
BRDA:145,5,1,0
BRF:12
BRH:2
end_of_record
TN:
SF:routes/sensor-data.js
FN:29,(anonymous_0)
FN:202,(anonymous_1)
FN:235,(anonymous_2)
FN:249,(anonymous_3)
FN:260,(anonymous_4)
FN:269,(anonymous_5)
FN:304,(anonymous_6)
FN:327,(anonymous_7)
FN:358,(anonymous_8)
FN:362,(anonymous_9)
FNF:10
FNH:6
FNDA:113,(anonymous_0)
FNDA:0,(anonymous_1)
FNDA:0,(anonymous_2)
FNDA:0,(anonymous_3)
FNDA:1,(anonymous_4)
FNDA:0,(anonymous_5)
FNDA:1,(anonymous_6)
FNDA:1,(anonymous_7)
FNDA:1,(anonymous_8)
FNDA:1,(anonymous_9)
DA:1,4
DA:2,4
DA:3,4
DA:4,4
DA:7,4
DA:29,4
DA:30,113
DA:32,113
DA:47,113
DA:50,113
DA:51,1
DA:58,112
DA:75,112
DA:85,112
DA:95,112
DA:96,3
DA:99,112
DA:100,112
DA:101,1
DA:106,112
DA:107,112
DA:108,112
DA:110,109
DA:111,109
DA:112,109
DA:113,109
DA:114,109
DA:115,0
DA:116,0
DA:119,109
DA:120,0
DA:121,0
DA:122,0
DA:123,0
DA:129,112
DA:130,112
DA:131,112
DA:132,112
DA:135,112
DA:136,112
DA:137,3
DA:139,112
DA:140,112
DA:141,112
DA:142,112
DA:143,112
DA:146,112
DA:147,0
DA:148,0
DA:149,0
DA:150,0
DA:151,0
DA:152,0
DA:153,0
DA:154,112
DA:155,39
DA:156,39
DA:157,39
DA:159,73
DA:160,73
DA:161,73
DA:162,36
DA:163,36
DA:164,36
DA:165,36
DA:166,36
DA:167,36
DA:168,36
DA:172,112
DA:175,112
DA:197,112
DA:200,112
DA:201,112
DA:202,112
DA:203,0
DA:204,0
DA:205,0
DA:211,0
DA:215,112
DA:223,0
DA:224,0
DA:235,4
DA:237,0
DA:238,0
DA:239,0
DA:240,0
DA:243,0
DA:246,0
DA:249,0
DA:250,0
DA:251,0
DA:260,4
DA:261,1
DA:262,1
DA:265,1
DA:266,1
DA:267,1
DA:269,1
DA:270,0
DA:271,0
DA:272,0
DA:274,0
DA:275,0
DA:276,0
DA:277,0
DA:283,1
DA:284,1
DA:285,1
DA:289,0
DA:290,0
DA:291,0
DA:294,0
DA:295,0
DA:304,4
DA:305,1
DA:306,1
DA:307,1
DA:309,1
DA:310,0
DA:314,1
DA:317,0
DA:318,0
DA:327,4
DA:328,1
DA:329,1
DA:330,1
DA:332,1
DA:335,1
DA:337,1
DA:345,0
DA:346,0
DA:358,4
DA:359,1
DA:360,1
DA:362,1
DA:363,1
DA:364,1
DA:367,1
DA:368,1
DA:371,1
DA:378,1
DA:385,0
DA:386,0
DA:393,4
DA:394,4
LF:145
LH:98
BRDA:32,0,0,113
BRDA:32,0,1,1
BRDA:50,1,0,1
BRDA:50,1,1,112
BRDA:60,2,0,112
BRDA:60,2,1,11
BRDA:61,3,0,112
BRDA:61,3,1,0
BRDA:62,4,0,112
BRDA:62,4,1,112
BRDA:63,5,0,112
BRDA:63,5,1,112
BRDA:64,6,0,112
BRDA:64,6,1,112
BRDA:65,7,0,112
BRDA:65,7,1,112
BRDA:66,8,0,112
BRDA:66,8,1,112
BRDA:67,9,0,112
BRDA:67,9,1,112
BRDA:68,10,0,112
BRDA:68,10,1,112
BRDA:69,11,0,112
BRDA:69,11,1,112
BRDA:70,12,0,112
BRDA:70,12,1,112
BRDA:72,13,0,112
BRDA:72,13,1,112
BRDA:95,14,0,3
BRDA:95,14,1,109
BRDA:100,15,0,1
BRDA:100,15,1,111
BRDA:107,16,0,109
BRDA:107,16,1,3
BRDA:108,17,0,109
BRDA:108,17,1,3
BRDA:110,18,0,109
BRDA:110,18,1,109
BRDA:111,19,0,109
BRDA:111,19,1,109
BRDA:112,20,0,109
BRDA:112,20,1,109
BRDA:113,21,0,109
BRDA:113,21,1,109
BRDA:114,22,0,0
BRDA:114,22,1,109
BRDA:114,23,0,109
BRDA:114,23,1,109
BRDA:119,24,0,0
BRDA:119,24,1,109
BRDA:119,25,0,109
BRDA:119,25,1,109
BRDA:120,26,0,0
BRDA:120,26,1,0
BRDA:120,27,0,0
BRDA:120,27,1,0
BRDA:135,28,0,3
BRDA:135,28,1,109
BRDA:136,29,0,3
BRDA:136,29,1,109
BRDA:146,30,0,0
BRDA:146,30,1,112
BRDA:154,31,0,39
BRDA:154,31,1,73
BRDA:161,32,0,36
BRDA:161,32,1,37
BRDA:161,33,0,73
BRDA:161,33,1,36
BRDA:240,34,0,0
BRDA:240,34,1,0
BRDA:251,35,0,0
BRDA:251,35,1,0
BRDA:271,36,0,0
BRDA:271,36,1,0
BRDA:271,37,0,0
BRDA:271,37,1,0
BRDA:274,38,0,0
BRDA:274,38,1,0
BRDA:274,39,0,0
BRDA:274,39,1,0
BRDA:283,40,0,1
BRDA:283,40,1,0
BRDA:283,41,0,1
BRDA:283,41,1,0
BRDA:309,42,0,0
BRDA:309,42,1,1
BRDA:309,43,0,1
BRDA:309,43,1,1
BRDA:330,44,0,1
BRDA:330,44,1,0
BRDA:332,45,0,1
BRDA:332,45,1,0
BRDA:364,46,0,1
BRDA:364,46,1,0
BRDA:367,47,0,1
BRDA:367,47,1,0
BRDA:367,48,0,1
BRDA:367,48,1,1
BRDA:372,49,0,1
BRDA:372,49,1,0
BRF:100
BRH:72
end_of_record
TN:
SF:routes/stats.js
FN:11,(anonymous_0)
FN:16,(anonymous_1)
FN:58,(anonymous_2)
FNF:3
FNH:3
FNDA:2,(anonymous_0)
FNDA:1,(anonymous_1)
FNDA:2,(anonymous_2)
DA:1,4
DA:2,4
DA:5,4
DA:11,4
DA:12,2
DA:13,2
DA:14,2
DA:16,2
DA:17,1
DA:19,1
DA:20,1
DA:21,1
DA:23,1
DA:39,2
DA:46,0
DA:47,0
DA:58,4
DA:59,2
DA:60,2
DA:61,2
DA:63,2
DA:64,1
DA:69,1
DA:70,1
DA:72,1
DA:84,0
DA:85,0
DA:92,4
LF:28
LH:24
BRDA:14,0,0,2
BRDA:14,0,1,0
BRDA:19,1,0,1
BRDA:19,1,1,0
BRDA:19,2,0,1
BRDA:19,2,1,1
BRDA:63,3,0,1
BRDA:63,3,1,1
BRDA:63,4,0,2
BRDA:63,4,1,1
BRF:10
BRH:8
end_of_record
TN:
SF:services/dataStore.js
FNF:0
FNH:0
DA:7,5
DA:10,5
DA:12,5
LF:3
LH:3
BRF:0
BRH:0
end_of_record
TN:
SF:services/predictionService.js
FN:26,scentToEmitterControl
FN:59,getPrediction
FN:60,(anonymous_2)
FN:76,(anonymous_3)
FN:80,(anonymous_4)
FN:84,(anonymous_5)
FN:115,processSensorData
FN:183,startPredictionService
FN:194,(anonymous_8)
FNF:9
FNH:5
FNDA:2,scentToEmitterControl
FNDA:1,getPrediction
FNDA:1,(anonymous_2)
FNDA:0,(anonymous_3)
FNDA:0,(anonymous_4)
FNDA:1,(anonymous_5)
FNDA:1,processSensorData
FNDA:0,startPredictionService
FNDA:0,(anonymous_8)
DA:1,4
DA:2,4
DA:3,4
DA:7,4
DA:28,2
DA:34,2
DA:35,0
DA:36,0
DA:40,2
DA:42,2
DA:44,1
DA:45,1
DA:46,1
DA:48,1
DA:51,2
DA:60,1
DA:61,1
DA:63,1
DA:65,1
DA:66,1
DA:68,1
DA:69,1
DA:72,1
DA:73,1
DA:76,1
DA:77,0
DA:80,1
DA:81,0
DA:84,1
DA:85,1
DA:86,1
DA:87,1
DA:88,1
DA:89,1
DA:95,0
DA:96,0
DA:97,0
DA:99,0
DA:100,0
DA:101,0
DA:116,1
DA:118,1
DA:120,1
DA:121,0
DA:124,1
DA:125,1
DA:127,1
DA:128,0
DA:132,1
DA:135,1
DA:136,1
DA:137,1
DA:141,0
DA:142,0
DA:143,0
DA:146,0
DA:149,0
DA:171,0
DA:175,0
DA:184,0
DA:187,0
DA:190,0
DA:193,0
DA:195,0
DA:196,0
DA:202,4
LF:66
LH:41
BRDA:34,0,0,0
BRDA:34,0,1,2
BRDA:42,1,0,1
BRDA:42,1,1,1
BRDA:42,2,0,2
BRDA:42,2,1,1
BRDA:65,3,0,0
BRDA:65,3,1,1
BRDA:85,4,0,1
BRDA:85,4,1,0
BRDA:120,5,0,0
BRDA:120,5,1,1
BRDA:127,6,0,0
BRDA:127,6,1,1
BRDA:127,7,0,1
BRDA:127,7,1,1
BRDA:136,8,0,1
BRDA:136,8,1,0
BRDA:136,9,0,1
BRDA:136,9,1,1
BRDA:183,10,0,0
BRF:21
BRH:14
end_of_record
